2020-07-03 12:01:28 Error: [Cake\Http\Exception\MissingControllerException] Controller class List_produtos could not be found. in C:\Users\ehenr\Documents\atividade_6\vendor\cakephp\cakephp\src\Controller\ControllerFactory.php on line 158
Exception Attributes: array (
  'class' => 'List_produtos',
  'plugin' => NULL,
  'prefix' => NULL,
  '_ext' => NULL,
)
Stack Trace:
- C:\Users\ehenr\Documents\atividade_6\vendor\cakephp\cakephp\src\Controller\ControllerFactory.php:46
- C:\Users\ehenr\Documents\atividade_6\vendor\cakephp\cakephp\src\Http\BaseApplication.php:227
- C:\Users\ehenr\Documents\atividade_6\vendor\cakephp\cakephp\src\Http\Runner.php:77
- C:\Users\ehenr\Documents\atividade_6\vendor\cakephp\cakephp\src\Http\Middleware\BodyParserMiddleware.php:159
- C:\Users\ehenr\Documents\atividade_6\vendor\cakephp\cakephp\src\Http\Runner.php:73
- C:\Users\ehenr\Documents\atividade_6\vendor\cakephp\cakephp\src\Http\Runner.php:77
- C:\Users\ehenr\Documents\atividade_6\vendor\cakephp\cakephp\src\Http\Middleware\CsrfProtectionMiddleware.php:138
- C:\Users\ehenr\Documents\atividade_6\vendor\cakephp\cakephp\src\Http\Runner.php:73
- C:\Users\ehenr\Documents\atividade_6\vendor\cakephp\cakephp\src\Http\Runner.php:58
- C:\Users\ehenr\Documents\atividade_6\vendor\cakephp\cakephp\src\Routing\Middleware\RoutingMiddleware.php:166
- C:\Users\ehenr\Documents\atividade_6\vendor\cakephp\cakephp\src\Http\Runner.php:73
- C:\Users\ehenr\Documents\atividade_6\vendor\cakephp\cakephp\src\Routing\Middleware\AssetMiddleware.php:68
- C:\Users\ehenr\Documents\atividade_6\vendor\cakephp\cakephp\src\Http\Runner.php:73
- C:\Users\ehenr\Documents\atividade_6\vendor\cakephp\cakephp\src\Error\Middleware\ErrorHandlerMiddleware.php:119
- C:\Users\ehenr\Documents\atividade_6\vendor\cakephp\cakephp\src\Http\Runner.php:73
- C:\Users\ehenr\Documents\atividade_6\vendor\cakephp\debug_kit\src\Middleware\DebugKitMiddleware.php:60
- C:\Users\ehenr\Documents\atividade_6\vendor\cakephp\cakephp\src\Http\Runner.php:73
- C:\Users\ehenr\Documents\atividade_6\vendor\cakephp\cakephp\src\Http\Runner.php:58
- C:\Users\ehenr\Documents\atividade_6\vendor\cakephp\cakephp\src\Http\Server.php:90
- C:\Users\ehenr\Documents\atividade_6\webroot\index.php:40

Request URL: /list_produtos


2020-07-03 12:01:40 Error: [Cake\Http\Exception\MissingControllerException] Controller class ListProdutos could not be found. in C:\Users\ehenr\Documents\atividade_6\vendor\cakephp\cakephp\src\Controller\ControllerFactory.php on line 158
Exception Attributes: array (
  'class' => 'ListProdutos',
  'plugin' => NULL,
  'prefix' => NULL,
  '_ext' => NULL,
)
Stack Trace:
- C:\Users\ehenr\Documents\atividade_6\vendor\cakephp\cakephp\src\Controller\ControllerFactory.php:46
- C:\Users\ehenr\Documents\atividade_6\vendor\cakephp\cakephp\src\Http\BaseApplication.php:227
- C:\Users\ehenr\Documents\atividade_6\vendor\cakephp\cakephp\src\Http\Runner.php:77
- C:\Users\ehenr\Documents\atividade_6\vendor\cakephp\cakephp\src\Http\Middleware\BodyParserMiddleware.php:159
- C:\Users\ehenr\Documents\atividade_6\vendor\cakephp\cakephp\src\Http\Runner.php:73
- C:\Users\ehenr\Documents\atividade_6\vendor\cakephp\cakephp\src\Http\Runner.php:77
- C:\Users\ehenr\Documents\atividade_6\vendor\cakephp\cakephp\src\Http\Middleware\CsrfProtectionMiddleware.php:138
- C:\Users\ehenr\Documents\atividade_6\vendor\cakephp\cakephp\src\Http\Runner.php:73
- C:\Users\ehenr\Documents\atividade_6\vendor\cakephp\cakephp\src\Http\Runner.php:58
- C:\Users\ehenr\Documents\atividade_6\vendor\cakephp\cakephp\src\Routing\Middleware\RoutingMiddleware.php:166
- C:\Users\ehenr\Documents\atividade_6\vendor\cakephp\cakephp\src\Http\Runner.php:73
- C:\Users\ehenr\Documents\atividade_6\vendor\cakephp\cakephp\src\Routing\Middleware\AssetMiddleware.php:68
- C:\Users\ehenr\Documents\atividade_6\vendor\cakephp\cakephp\src\Http\Runner.php:73
- C:\Users\ehenr\Documents\atividade_6\vendor\cakephp\cakephp\src\Error\Middleware\ErrorHandlerMiddleware.php:119
- C:\Users\ehenr\Documents\atividade_6\vendor\cakephp\cakephp\src\Http\Runner.php:73
- C:\Users\ehenr\Documents\atividade_6\vendor\cakephp\debug_kit\src\Middleware\DebugKitMiddleware.php:60
- C:\Users\ehenr\Documents\atividade_6\vendor\cakephp\cakephp\src\Http\Runner.php:73
- C:\Users\ehenr\Documents\atividade_6\vendor\cakephp\cakephp\src\Http\Runner.php:58
- C:\Users\ehenr\Documents\atividade_6\vendor\cakephp\cakephp\src\Http\Server.php:90
- C:\Users\ehenr\Documents\atividade_6\webroot\index.php:40

Request URL: /listProdutos


2020-07-03 12:01:59 Error: [Cake\Http\Exception\MissingControllerException] Controller class ListProdutos could not be found. in C:\Users\ehenr\Documents\atividade_6\vendor\cakephp\cakephp\src\Controller\ControllerFactory.php on line 158
Exception Attributes: array (
  'class' => 'ListProdutos',
  'plugin' => NULL,
  'prefix' => NULL,
  '_ext' => NULL,
)
Stack Trace:
- C:\Users\ehenr\Documents\atividade_6\vendor\cakephp\cakephp\src\Controller\ControllerFactory.php:46
- C:\Users\ehenr\Documents\atividade_6\vendor\cakephp\cakephp\src\Http\BaseApplication.php:227
- C:\Users\ehenr\Documents\atividade_6\vendor\cakephp\cakephp\src\Http\Runner.php:77
- C:\Users\ehenr\Documents\atividade_6\vendor\cakephp\cakephp\src\Http\Middleware\BodyParserMiddleware.php:159
- C:\Users\ehenr\Documents\atividade_6\vendor\cakephp\cakephp\src\Http\Runner.php:73
- C:\Users\ehenr\Documents\atividade_6\vendor\cakephp\cakephp\src\Http\Runner.php:77
- C:\Users\ehenr\Documents\atividade_6\vendor\cakephp\cakephp\src\Http\Middleware\CsrfProtectionMiddleware.php:138
- C:\Users\ehenr\Documents\atividade_6\vendor\cakephp\cakephp\src\Http\Runner.php:73
- C:\Users\ehenr\Documents\atividade_6\vendor\cakephp\cakephp\src\Http\Runner.php:58
- C:\Users\ehenr\Documents\atividade_6\vendor\cakephp\cakephp\src\Routing\Middleware\RoutingMiddleware.php:166
- C:\Users\ehenr\Documents\atividade_6\vendor\cakephp\cakephp\src\Http\Runner.php:73
- C:\Users\ehenr\Documents\atividade_6\vendor\cakephp\cakephp\src\Routing\Middleware\AssetMiddleware.php:68
- C:\Users\ehenr\Documents\atividade_6\vendor\cakephp\cakephp\src\Http\Runner.php:73
- C:\Users\ehenr\Documents\atividade_6\vendor\cakephp\cakephp\src\Error\Middleware\ErrorHandlerMiddleware.php:119
- C:\Users\ehenr\Documents\atividade_6\vendor\cakephp\cakephp\src\Http\Runner.php:73
- C:\Users\ehenr\Documents\atividade_6\vendor\cakephp\debug_kit\src\Middleware\DebugKitMiddleware.php:60
- C:\Users\ehenr\Documents\atividade_6\vendor\cakephp\cakephp\src\Http\Runner.php:73
- C:\Users\ehenr\Documents\atividade_6\vendor\cakephp\cakephp\src\Http\Runner.php:58
- C:\Users\ehenr\Documents\atividade_6\vendor\cakephp\cakephp\src\Http\Server.php:90
- C:\Users\ehenr\Documents\atividade_6\webroot\index.php:40

Request URL: /listProdutos


2020-07-03 12:06:07 Error: [Cake\Http\Exception\MissingControllerException] Controller class ListProdutos could not be found. in C:\Users\ehenr\Documents\atividade_6\vendor\cakephp\cakephp\src\Controller\ControllerFactory.php on line 158
Exception Attributes: array (
  'class' => 'ListProdutos',
  'plugin' => NULL,
  'prefix' => NULL,
  '_ext' => NULL,
)
Stack Trace:
- C:\Users\ehenr\Documents\atividade_6\vendor\cakephp\cakephp\src\Controller\ControllerFactory.php:46
- C:\Users\ehenr\Documents\atividade_6\vendor\cakephp\cakephp\src\Http\BaseApplication.php:227
- C:\Users\ehenr\Documents\atividade_6\vendor\cakephp\cakephp\src\Http\Runner.php:77
- C:\Users\ehenr\Documents\atividade_6\vendor\cakephp\cakephp\src\Http\Middleware\BodyParserMiddleware.php:159
- C:\Users\ehenr\Documents\atividade_6\vendor\cakephp\cakephp\src\Http\Runner.php:73
- C:\Users\ehenr\Documents\atividade_6\vendor\cakephp\cakephp\src\Http\Runner.php:77
- C:\Users\ehenr\Documents\atividade_6\vendor\cakephp\cakephp\src\Http\Middleware\CsrfProtectionMiddleware.php:138
- C:\Users\ehenr\Documents\atividade_6\vendor\cakephp\cakephp\src\Http\Runner.php:73
- C:\Users\ehenr\Documents\atividade_6\vendor\cakephp\cakephp\src\Http\Runner.php:58
- C:\Users\ehenr\Documents\atividade_6\vendor\cakephp\cakephp\src\Routing\Middleware\RoutingMiddleware.php:166
- C:\Users\ehenr\Documents\atividade_6\vendor\cakephp\cakephp\src\Http\Runner.php:73
- C:\Users\ehenr\Documents\atividade_6\vendor\cakephp\cakephp\src\Routing\Middleware\AssetMiddleware.php:68
- C:\Users\ehenr\Documents\atividade_6\vendor\cakephp\cakephp\src\Http\Runner.php:73
- C:\Users\ehenr\Documents\atividade_6\vendor\cakephp\cakephp\src\Error\Middleware\ErrorHandlerMiddleware.php:119
- C:\Users\ehenr\Documents\atividade_6\vendor\cakephp\cakephp\src\Http\Runner.php:73
- C:\Users\ehenr\Documents\atividade_6\vendor\cakephp\debug_kit\src\Middleware\DebugKitMiddleware.php:60
- C:\Users\ehenr\Documents\atividade_6\vendor\cakephp\cakephp\src\Http\Runner.php:73
- C:\Users\ehenr\Documents\atividade_6\vendor\cakephp\cakephp\src\Http\Runner.php:58
- C:\Users\ehenr\Documents\atividade_6\vendor\cakephp\cakephp\src\Http\Server.php:90
- C:\Users\ehenr\Documents\atividade_6\webroot\index.php:40

Request URL: /listProdutos


2020-07-03 12:14:14 Error: [Error] Call to a member function find() on null in C:\Users\ehenr\Documents\atividade_6\src\Controller\ProdutosController.php on line 33
Stack Trace:
- C:\Users\ehenr\Documents\atividade_6\vendor\cakephp\cakephp\src\Controller\Controller.php:521
- C:\Users\ehenr\Documents\atividade_6\vendor\cakephp\cakephp\src\Controller\ControllerFactory.php:79
- C:\Users\ehenr\Documents\atividade_6\vendor\cakephp\cakephp\src\Http\BaseApplication.php:229
- C:\Users\ehenr\Documents\atividade_6\vendor\cakephp\cakephp\src\Http\Runner.php:77
- C:\Users\ehenr\Documents\atividade_6\vendor\cakephp\cakephp\src\Http\Middleware\BodyParserMiddleware.php:159
- C:\Users\ehenr\Documents\atividade_6\vendor\cakephp\cakephp\src\Http\Runner.php:73
- C:\Users\ehenr\Documents\atividade_6\vendor\cakephp\cakephp\src\Http\Runner.php:77
- C:\Users\ehenr\Documents\atividade_6\vendor\cakephp\cakephp\src\Http\Middleware\CsrfProtectionMiddleware.php:138
- C:\Users\ehenr\Documents\atividade_6\vendor\cakephp\cakephp\src\Http\Runner.php:73
- C:\Users\ehenr\Documents\atividade_6\vendor\cakephp\cakephp\src\Http\Runner.php:58
- C:\Users\ehenr\Documents\atividade_6\vendor\cakephp\cakephp\src\Routing\Middleware\RoutingMiddleware.php:166
- C:\Users\ehenr\Documents\atividade_6\vendor\cakephp\cakephp\src\Http\Runner.php:73
- C:\Users\ehenr\Documents\atividade_6\vendor\cakephp\cakephp\src\Routing\Middleware\AssetMiddleware.php:68
- C:\Users\ehenr\Documents\atividade_6\vendor\cakephp\cakephp\src\Http\Runner.php:73
- C:\Users\ehenr\Documents\atividade_6\vendor\cakephp\cakephp\src\Error\Middleware\ErrorHandlerMiddleware.php:119
- C:\Users\ehenr\Documents\atividade_6\vendor\cakephp\cakephp\src\Http\Runner.php:73
- C:\Users\ehenr\Documents\atividade_6\vendor\cakephp\debug_kit\src\Middleware\DebugKitMiddleware.php:60
- C:\Users\ehenr\Documents\atividade_6\vendor\cakephp\cakephp\src\Http\Runner.php:73
- C:\Users\ehenr\Documents\atividade_6\vendor\cakephp\cakephp\src\Http\Runner.php:58
- C:\Users\ehenr\Documents\atividade_6\vendor\cakephp\cakephp\src\Http\Server.php:90
- C:\Users\ehenr\Documents\atividade_6\webroot\index.php:40

Request URL: /produtos/listProdutos


2020-07-03 12:14:14 Warning: Warning (512): Unable to emit headers. Headers sent in file=C:\Users\ehenr\Documents\atividade_6\vendor\cakephp\cakephp\src\Error\Debugger.php line=841 in [C:\Users\ehenr\Documents\atividade_6\vendor\cakephp\cakephp\src\Http\ResponseEmitter.php, line 71]
Request URL: /produtos/listProdutos
Trace:
Cake\Error\BaseErrorHandler::handleError() - CORE\src\Error\BaseErrorHandler.php, line 188
DebugKit\Plugin::DebugKit\{closure}() - ROOT\vendor\cakephp\debug_kit\src\Plugin.php, line 105
Cake\Http\ResponseEmitter::emit() - CORE\src\Http\ResponseEmitter.php, line 71
Cake\Http\Server::emit() - CORE\src\Http\Server.php, line 130
[main] - ROOT\webroot\index.php, line 40



2020-07-03 12:14:14 Warning: Warning (2): Cannot modify header information - headers already sent by (output started at C:\Users\ehenr\Documents\atividade_6\vendor\cakephp\cakephp\src\Error\Debugger.php:841) in [C:\Users\ehenr\Documents\atividade_6\vendor\cakephp\cakephp\src\Http\ResponseEmitter.php, line 168]
Request URL: /produtos/listProdutos
Trace:
Cake\Error\BaseErrorHandler::handleError() - CORE\src\Error\BaseErrorHandler.php, line 188
DebugKit\Plugin::DebugKit\{closure}() - ROOT\vendor\cakephp\debug_kit\src\Plugin.php, line 105
header - [internal], line ??
Cake\Http\ResponseEmitter::emitStatusLine() - CORE\src\Http\ResponseEmitter.php, line 168
Cake\Http\ResponseEmitter::emit() - CORE\src\Http\ResponseEmitter.php, line 74
Cake\Http\Server::emit() - CORE\src\Http\Server.php, line 130
[main] - ROOT\webroot\index.php, line 40



2020-07-03 12:14:14 Warning: Warning (2): Cannot modify header information - headers already sent by (output started at C:\Users\ehenr\Documents\atividade_6\vendor\cakephp\cakephp\src\Error\Debugger.php:841) in [C:\Users\ehenr\Documents\atividade_6\vendor\cakephp\cakephp\src\Http\ResponseEmitter.php, line 197]
Request URL: /produtos/listProdutos
Trace:
Cake\Error\BaseErrorHandler::handleError() - CORE\src\Error\BaseErrorHandler.php, line 188
DebugKit\Plugin::DebugKit\{closure}() - ROOT\vendor\cakephp\debug_kit\src\Plugin.php, line 105
header - [internal], line ??
Cake\Http\ResponseEmitter::emitHeaders() - CORE\src\Http\ResponseEmitter.php, line 197
Cake\Http\ResponseEmitter::emit() - CORE\src\Http\ResponseEmitter.php, line 75
Cake\Http\Server::emit() - CORE\src\Http\Server.php, line 130
[main] - ROOT\webroot\index.php, line 40



2020-07-03 12:14:14 Warning: Warning (2): Cannot modify header information - headers already sent by (output started at C:\Users\ehenr\Documents\atividade_6\vendor\cakephp\cakephp\src\Error\Debugger.php:841) in [C:\Users\ehenr\Documents\atividade_6\vendor\cakephp\cakephp\src\Http\ResponseEmitter.php, line 197]
Request URL: /produtos/listProdutos
Trace:
Cake\Error\BaseErrorHandler::handleError() - CORE\src\Error\BaseErrorHandler.php, line 188
DebugKit\Plugin::DebugKit\{closure}() - ROOT\vendor\cakephp\debug_kit\src\Plugin.php, line 105
header - [internal], line ??
Cake\Http\ResponseEmitter::emitHeaders() - CORE\src\Http\ResponseEmitter.php, line 197
Cake\Http\ResponseEmitter::emit() - CORE\src\Http\ResponseEmitter.php, line 75
Cake\Http\Server::emit() - CORE\src\Http\Server.php, line 130
[main] - ROOT\webroot\index.php, line 40



2020-07-03 12:15:14 Error: [ParseError] syntax error, unexpected '}', expecting ';' or ',' in C:\Users\ehenr\Documents\atividade_6\templates\Produtos\list_produtos.php on line 5
Stack Trace:
- C:\Users\ehenr\Documents\atividade_6\vendor\cakephp\cakephp\src\View\View.php:1121
- C:\Users\ehenr\Documents\atividade_6\vendor\cakephp\cakephp\src\View\View.php:751
- C:\Users\ehenr\Documents\atividade_6\vendor\cakephp\cakephp\src\Controller\Controller.php:688
- C:\Users\ehenr\Documents\atividade_6\vendor\cakephp\cakephp\src\Controller\Controller.php:530
- C:\Users\ehenr\Documents\atividade_6\vendor\cakephp\cakephp\src\Controller\ControllerFactory.php:79
- C:\Users\ehenr\Documents\atividade_6\vendor\cakephp\cakephp\src\Http\BaseApplication.php:229
- C:\Users\ehenr\Documents\atividade_6\vendor\cakephp\cakephp\src\Http\Runner.php:77
- C:\Users\ehenr\Documents\atividade_6\vendor\cakephp\cakephp\src\Http\Middleware\BodyParserMiddleware.php:159
- C:\Users\ehenr\Documents\atividade_6\vendor\cakephp\cakephp\src\Http\Runner.php:73
- C:\Users\ehenr\Documents\atividade_6\vendor\cakephp\cakephp\src\Http\Runner.php:77
- C:\Users\ehenr\Documents\atividade_6\vendor\cakephp\cakephp\src\Http\Middleware\CsrfProtectionMiddleware.php:138
- C:\Users\ehenr\Documents\atividade_6\vendor\cakephp\cakephp\src\Http\Runner.php:73
- C:\Users\ehenr\Documents\atividade_6\vendor\cakephp\cakephp\src\Http\Runner.php:58
- C:\Users\ehenr\Documents\atividade_6\vendor\cakephp\cakephp\src\Routing\Middleware\RoutingMiddleware.php:166
- C:\Users\ehenr\Documents\atividade_6\vendor\cakephp\cakephp\src\Http\Runner.php:73
- C:\Users\ehenr\Documents\atividade_6\vendor\cakephp\cakephp\src\Routing\Middleware\AssetMiddleware.php:68
- C:\Users\ehenr\Documents\atividade_6\vendor\cakephp\cakephp\src\Http\Runner.php:73
- C:\Users\ehenr\Documents\atividade_6\vendor\cakephp\cakephp\src\Error\Middleware\ErrorHandlerMiddleware.php:119
- C:\Users\ehenr\Documents\atividade_6\vendor\cakephp\cakephp\src\Http\Runner.php:73
- C:\Users\ehenr\Documents\atividade_6\vendor\cakephp\debug_kit\src\Middleware\DebugKitMiddleware.php:60
- C:\Users\ehenr\Documents\atividade_6\vendor\cakephp\cakephp\src\Http\Runner.php:73
- C:\Users\ehenr\Documents\atividade_6\vendor\cakephp\cakephp\src\Http\Runner.php:58
- C:\Users\ehenr\Documents\atividade_6\vendor\cakephp\cakephp\src\Http\Server.php:90
- C:\Users\ehenr\Documents\atividade_6\webroot\index.php:40

Request URL: /produtos/listProdutos


2020-07-03 12:39:15 Warning: Warning (512): Method Cake\View\Helper\HtmlHelper::buttom does not exist in [C:\Users\ehenr\Documents\atividade_6\vendor\cakephp\cakephp\src\View\Helper.php, line 102]
Request URL: /produtos/listProdutos
Trace:
Cake\Error\BaseErrorHandler::handleError() - CORE\src\Error\BaseErrorHandler.php, line 188
DebugKit\Plugin::DebugKit\{closure}() - ROOT\vendor\cakephp\debug_kit\src\Plugin.php, line 105
Cake\View\Helper::__call() - CORE\src\View\Helper.php, line 102
include - ROOT\templates\Produtos\list_produtos.php, line 12
Cake\View\View::_evaluate() - CORE\src\View\View.php, line 1160
Cake\View\View::_render() - CORE\src\View\View.php, line 1121
Cake\View\View::render() - CORE\src\View\View.php, line 751
Cake\Controller\Controller::render() - CORE\src\Controller\Controller.php, line 688
Cake\Controller\Controller::invokeAction() - CORE\src\Controller\Controller.php, line 530
Cake\Controller\ControllerFactory::invoke() - CORE\src\Controller\ControllerFactory.php, line 79
Cake\Http\BaseApplication::handle() - CORE\src\Http\BaseApplication.php, line 229
Cake\Http\Runner::handle() - CORE\src\Http\Runner.php, line 77
Cake\Http\Middleware\BodyParserMiddleware::process() - CORE\src\Http\Middleware\BodyParserMiddleware.php, line 159
Cake\Http\Runner::handle() - CORE\src\Http\Runner.php, line 73
Cake\Http\Runner::handle() - CORE\src\Http\Runner.php, line 77
Cake\Http\Middleware\CsrfProtectionMiddleware::process() - CORE\src\Http\Middleware\CsrfProtectionMiddleware.php, line 138
Cake\Http\Runner::handle() - CORE\src\Http\Runner.php, line 73
Cake\Http\Runner::run() - CORE\src\Http\Runner.php, line 58
Cake\Routing\Middleware\RoutingMiddleware::process() - CORE\src\Routing\Middleware\RoutingMiddleware.php, line 166
Cake\Http\Runner::handle() - CORE\src\Http\Runner.php, line 73
Cake\Routing\Middleware\AssetMiddleware::process() - CORE\src\Routing\Middleware\AssetMiddleware.php, line 68
Cake\Http\Runner::handle() - CORE\src\Http\Runner.php, line 73
Cake\Error\Middleware\ErrorHandlerMiddleware::process() - CORE\src\Error\Middleware\ErrorHandlerMiddleware.php, line 119
Cake\Http\Runner::handle() - CORE\src\Http\Runner.php, line 73
DebugKit\Middleware\DebugKitMiddleware::process() - ROOT\vendor\cakephp\debug_kit\src\Middleware\DebugKitMiddleware.php, line 60
Cake\Http\Runner::handle() - CORE\src\Http\Runner.php, line 73
Cake\Http\Runner::run() - CORE\src\Http\Runner.php, line 58
Cake\Http\Server::run() - CORE\src\Http\Server.php, line 90
[main] - ROOT\webroot\index.php, line 40



2020-07-03 12:40:02 Error: [Error] Call to undefined method App\View\AppView::buttom() in C:\Users\ehenr\Documents\atividade_6\templates\Produtos\list_produtos.php on line 12
Stack Trace:
- C:\Users\ehenr\Documents\atividade_6\vendor\cakephp\cakephp\src\View\View.php:1160
- C:\Users\ehenr\Documents\atividade_6\vendor\cakephp\cakephp\src\View\View.php:1121
- C:\Users\ehenr\Documents\atividade_6\vendor\cakephp\cakephp\src\View\View.php:751
- C:\Users\ehenr\Documents\atividade_6\vendor\cakephp\cakephp\src\Controller\Controller.php:688
- C:\Users\ehenr\Documents\atividade_6\vendor\cakephp\cakephp\src\Controller\Controller.php:530
- C:\Users\ehenr\Documents\atividade_6\vendor\cakephp\cakephp\src\Controller\ControllerFactory.php:79
- C:\Users\ehenr\Documents\atividade_6\vendor\cakephp\cakephp\src\Http\BaseApplication.php:229
- C:\Users\ehenr\Documents\atividade_6\vendor\cakephp\cakephp\src\Http\Runner.php:77
- C:\Users\ehenr\Documents\atividade_6\vendor\cakephp\cakephp\src\Http\Middleware\BodyParserMiddleware.php:159
- C:\Users\ehenr\Documents\atividade_6\vendor\cakephp\cakephp\src\Http\Runner.php:73
- C:\Users\ehenr\Documents\atividade_6\vendor\cakephp\cakephp\src\Http\Runner.php:77
- C:\Users\ehenr\Documents\atividade_6\vendor\cakephp\cakephp\src\Http\Middleware\CsrfProtectionMiddleware.php:138
- C:\Users\ehenr\Documents\atividade_6\vendor\cakephp\cakephp\src\Http\Runner.php:73
- C:\Users\ehenr\Documents\atividade_6\vendor\cakephp\cakephp\src\Http\Runner.php:58
- C:\Users\ehenr\Documents\atividade_6\vendor\cakephp\cakephp\src\Routing\Middleware\RoutingMiddleware.php:166
- C:\Users\ehenr\Documents\atividade_6\vendor\cakephp\cakephp\src\Http\Runner.php:73
- C:\Users\ehenr\Documents\atividade_6\vendor\cakephp\cakephp\src\Routing\Middleware\AssetMiddleware.php:68
- C:\Users\ehenr\Documents\atividade_6\vendor\cakephp\cakephp\src\Http\Runner.php:73
- C:\Users\ehenr\Documents\atividade_6\vendor\cakephp\cakephp\src\Error\Middleware\ErrorHandlerMiddleware.php:119
- C:\Users\ehenr\Documents\atividade_6\vendor\cakephp\cakephp\src\Http\Runner.php:73
- C:\Users\ehenr\Documents\atividade_6\vendor\cakephp\debug_kit\src\Middleware\DebugKitMiddleware.php:60
- C:\Users\ehenr\Documents\atividade_6\vendor\cakephp\cakephp\src\Http\Runner.php:73
- C:\Users\ehenr\Documents\atividade_6\vendor\cakephp\cakephp\src\Http\Runner.php:58
- C:\Users\ehenr\Documents\atividade_6\vendor\cakephp\cakephp\src\Http\Server.php:90
- C:\Users\ehenr\Documents\atividade_6\webroot\index.php:40

Request URL: /produtos/listProdutos


2020-07-03 12:41:15 Error: [Cake\Routing\Exception\MissingRouteException] A route matching "/produtos/edit/{
    "id": 4,
    "nome": "Caderno",
    "descricao": "Pequeno",
    "preco": 10.99
}" could not be found. in C:\Users\ehenr\Documents\atividade_6\vendor\cakephp\cakephp\src\Routing\RouteCollection.php on line 211
Exception Attributes: array (
  'url' => '/produtos/edit/{
    "id": 4,
    "nome": "Caderno",
    "descricao": "Pequeno",
    "preco": 10.99
}',
)
Stack Trace:
- C:\Users\ehenr\Documents\atividade_6\vendor\cakephp\cakephp\src\Routing\Router.php:228
- C:\Users\ehenr\Documents\atividade_6\vendor\cakephp\cakephp\src\Routing\Middleware\RoutingMiddleware.php:143
- C:\Users\ehenr\Documents\atividade_6\vendor\cakephp\cakephp\src\Http\Runner.php:73
- C:\Users\ehenr\Documents\atividade_6\vendor\cakephp\cakephp\src\Routing\Middleware\AssetMiddleware.php:77
- C:\Users\ehenr\Documents\atividade_6\vendor\cakephp\cakephp\src\Http\Runner.php:73
- C:\Users\ehenr\Documents\atividade_6\vendor\cakephp\cakephp\src\Error\Middleware\ErrorHandlerMiddleware.php:119
- C:\Users\ehenr\Documents\atividade_6\vendor\cakephp\cakephp\src\Http\Runner.php:73
- C:\Users\ehenr\Documents\atividade_6\vendor\cakephp\debug_kit\src\Middleware\DebugKitMiddleware.php:60
- C:\Users\ehenr\Documents\atividade_6\vendor\cakephp\cakephp\src\Http\Runner.php:73
- C:\Users\ehenr\Documents\atividade_6\vendor\cakephp\cakephp\src\Http\Runner.php:58
- C:\Users\ehenr\Documents\atividade_6\vendor\cakephp\cakephp\src\Http\Server.php:90
- C:\Users\ehenr\Documents\atividade_6\webroot\index.php:40

Request URL: /produtos/edit/%7B%0A%20%20%20%20%22id%22%3A%204%2C%0A%20%20%20%20%22nome%22%3A%20%22Caderno%22%2C%0A%20%20%20%20%22descricao%22%3A%20%22Pequeno%22%2C%0A%20%20%20%20%22preco%22%3A%2010.99%0A%7D
Referer URL: http://localhost:8765/produtos/listProdutos


2020-07-03 12:41:27 Error: [Cake\Routing\Exception\MissingRouteException] A route matching "/produtos/edit/{
    "id": 4,
    "nome": "Caderno",
    "descricao": "Pequeno",
    "preco": 10.99
}" could not be found. in C:\Users\ehenr\Documents\atividade_6\vendor\cakephp\cakephp\src\Routing\RouteCollection.php on line 211
Exception Attributes: array (
  'url' => '/produtos/edit/{
    "id": 4,
    "nome": "Caderno",
    "descricao": "Pequeno",
    "preco": 10.99
}',
)
Stack Trace:
- C:\Users\ehenr\Documents\atividade_6\vendor\cakephp\cakephp\src\Routing\Router.php:228
- C:\Users\ehenr\Documents\atividade_6\vendor\cakephp\cakephp\src\Routing\Middleware\RoutingMiddleware.php:143
- C:\Users\ehenr\Documents\atividade_6\vendor\cakephp\cakephp\src\Http\Runner.php:73
- C:\Users\ehenr\Documents\atividade_6\vendor\cakephp\cakephp\src\Routing\Middleware\AssetMiddleware.php:77
- C:\Users\ehenr\Documents\atividade_6\vendor\cakephp\cakephp\src\Http\Runner.php:73
- C:\Users\ehenr\Documents\atividade_6\vendor\cakephp\cakephp\src\Error\Middleware\ErrorHandlerMiddleware.php:119
- C:\Users\ehenr\Documents\atividade_6\vendor\cakephp\cakephp\src\Http\Runner.php:73
- C:\Users\ehenr\Documents\atividade_6\vendor\cakephp\debug_kit\src\Middleware\DebugKitMiddleware.php:60
- C:\Users\ehenr\Documents\atividade_6\vendor\cakephp\cakephp\src\Http\Runner.php:73
- C:\Users\ehenr\Documents\atividade_6\vendor\cakephp\cakephp\src\Http\Runner.php:58
- C:\Users\ehenr\Documents\atividade_6\vendor\cakephp\cakephp\src\Http\Server.php:90
- C:\Users\ehenr\Documents\atividade_6\webroot\index.php:40

Request URL: /produtos/edit/%7B%0A%20%20%20%20%22id%22%3A%204%2C%0A%20%20%20%20%22nome%22%3A%20%22Caderno%22%2C%0A%20%20%20%20%22descricao%22%3A%20%22Pequeno%22%2C%0A%20%20%20%20%22preco%22%3A%2010.99%0A%7D
Referer URL: http://localhost:8765/produtos/listProdutos


2020-07-03 12:41:29 Error: [Cake\Routing\Exception\MissingRouteException] A route matching "/produtos/index/{
    "id": 4,
    "nome": "Caderno",
    "descricao": "Pequeno",
    "preco": 10.99
}" could not be found. in C:\Users\ehenr\Documents\atividade_6\vendor\cakephp\cakephp\src\Routing\RouteCollection.php on line 211
Exception Attributes: array (
  'url' => '/produtos/index/{
    "id": 4,
    "nome": "Caderno",
    "descricao": "Pequeno",
    "preco": 10.99
}',
)
Stack Trace:
- C:\Users\ehenr\Documents\atividade_6\vendor\cakephp\cakephp\src\Routing\Router.php:228
- C:\Users\ehenr\Documents\atividade_6\vendor\cakephp\cakephp\src\Routing\Middleware\RoutingMiddleware.php:143
- C:\Users\ehenr\Documents\atividade_6\vendor\cakephp\cakephp\src\Http\Runner.php:73
- C:\Users\ehenr\Documents\atividade_6\vendor\cakephp\cakephp\src\Routing\Middleware\AssetMiddleware.php:77
- C:\Users\ehenr\Documents\atividade_6\vendor\cakephp\cakephp\src\Http\Runner.php:73
- C:\Users\ehenr\Documents\atividade_6\vendor\cakephp\cakephp\src\Error\Middleware\ErrorHandlerMiddleware.php:119
- C:\Users\ehenr\Documents\atividade_6\vendor\cakephp\cakephp\src\Http\Runner.php:73
- C:\Users\ehenr\Documents\atividade_6\vendor\cakephp\debug_kit\src\Middleware\DebugKitMiddleware.php:60
- C:\Users\ehenr\Documents\atividade_6\vendor\cakephp\cakephp\src\Http\Runner.php:73
- C:\Users\ehenr\Documents\atividade_6\vendor\cakephp\cakephp\src\Http\Runner.php:58
- C:\Users\ehenr\Documents\atividade_6\vendor\cakephp\cakephp\src\Http\Server.php:90
- C:\Users\ehenr\Documents\atividade_6\webroot\index.php:40

Request URL: /produtos/index/%7B%0A%20%20%20%20%22id%22%3A%204%2C%0A%20%20%20%20%22nome%22%3A%20%22Caderno%22%2C%0A%20%20%20%20%22descricao%22%3A%20%22Pequeno%22%2C%0A%20%20%20%20%22preco%22%3A%2010.99%0A%7D
Referer URL: http://localhost:8765/produtos/listProdutos


2020-07-03 13:24:12 Error: [Cake\Http\Exception\MissingControllerException] Controller class Login could not be found. in C:\Users\ehenr\Documents\atividade_6\vendor\cakephp\cakephp\src\Controller\ControllerFactory.php on line 158
Exception Attributes: array (
  'class' => 'Login',
  'plugin' => NULL,
  'prefix' => NULL,
  '_ext' => NULL,
)
Stack Trace:
- C:\Users\ehenr\Documents\atividade_6\vendor\cakephp\cakephp\src\Controller\ControllerFactory.php:46
- C:\Users\ehenr\Documents\atividade_6\vendor\cakephp\cakephp\src\Http\BaseApplication.php:227
- C:\Users\ehenr\Documents\atividade_6\vendor\cakephp\cakephp\src\Http\Runner.php:77
- C:\Users\ehenr\Documents\atividade_6\vendor\cakephp\cakephp\src\Http\Middleware\BodyParserMiddleware.php:159
- C:\Users\ehenr\Documents\atividade_6\vendor\cakephp\cakephp\src\Http\Runner.php:73
- C:\Users\ehenr\Documents\atividade_6\vendor\cakephp\authentication\src\Middleware\AuthenticationMiddleware.php:122
- C:\Users\ehenr\Documents\atividade_6\vendor\cakephp\cakephp\src\Http\Runner.php:73
- C:\Users\ehenr\Documents\atividade_6\vendor\cakephp\cakephp\src\Http\Runner.php:77
- C:\Users\ehenr\Documents\atividade_6\vendor\cakephp\cakephp\src\Http\Middleware\CsrfProtectionMiddleware.php:138
- C:\Users\ehenr\Documents\atividade_6\vendor\cakephp\cakephp\src\Http\Runner.php:73
- C:\Users\ehenr\Documents\atividade_6\vendor\cakephp\cakephp\src\Http\Runner.php:58
- C:\Users\ehenr\Documents\atividade_6\vendor\cakephp\cakephp\src\Routing\Middleware\RoutingMiddleware.php:166
- C:\Users\ehenr\Documents\atividade_6\vendor\cakephp\cakephp\src\Http\Runner.php:73
- C:\Users\ehenr\Documents\atividade_6\vendor\cakephp\cakephp\src\Routing\Middleware\AssetMiddleware.php:68
- C:\Users\ehenr\Documents\atividade_6\vendor\cakephp\cakephp\src\Http\Runner.php:73
- C:\Users\ehenr\Documents\atividade_6\vendor\cakephp\cakephp\src\Error\Middleware\ErrorHandlerMiddleware.php:119
- C:\Users\ehenr\Documents\atividade_6\vendor\cakephp\cakephp\src\Http\Runner.php:73
- C:\Users\ehenr\Documents\atividade_6\vendor\cakephp\debug_kit\src\Middleware\DebugKitMiddleware.php:60
- C:\Users\ehenr\Documents\atividade_6\vendor\cakephp\cakephp\src\Http\Runner.php:73
- C:\Users\ehenr\Documents\atividade_6\vendor\cakephp\cakephp\src\Http\Runner.php:58
- C:\Users\ehenr\Documents\atividade_6\vendor\cakephp\cakephp\src\Http\Server.php:90
- C:\Users\ehenr\Documents\atividade_6\webroot\index.php:40

Request URL: /login


2020-07-03 13:24:39 Error: [Cake\Controller\Exception\MissingActionException] Action UsersController::logout() could not be found, or is not accessible. in C:\Users\ehenr\Documents\atividade_6\vendor\cakephp\cakephp\src\Controller\Controller.php on line 500
Exception Attributes: array (
  'controller' => 'UsersController',
  'action' => 'logout',
  'prefix' => '',
  'plugin' => NULL,
)
Stack Trace:
- C:\Users\ehenr\Documents\atividade_6\vendor\cakephp\cakephp\src\Controller\ControllerFactory.php:77
- C:\Users\ehenr\Documents\atividade_6\vendor\cakephp\cakephp\src\Http\BaseApplication.php:229
- C:\Users\ehenr\Documents\atividade_6\vendor\cakephp\cakephp\src\Http\Runner.php:77
- C:\Users\ehenr\Documents\atividade_6\vendor\cakephp\cakephp\src\Http\Middleware\BodyParserMiddleware.php:159
- C:\Users\ehenr\Documents\atividade_6\vendor\cakephp\cakephp\src\Http\Runner.php:73
- C:\Users\ehenr\Documents\atividade_6\vendor\cakephp\authentication\src\Middleware\AuthenticationMiddleware.php:122
- C:\Users\ehenr\Documents\atividade_6\vendor\cakephp\cakephp\src\Http\Runner.php:73
- C:\Users\ehenr\Documents\atividade_6\vendor\cakephp\cakephp\src\Http\Runner.php:77
- C:\Users\ehenr\Documents\atividade_6\vendor\cakephp\cakephp\src\Http\Middleware\CsrfProtectionMiddleware.php:138
- C:\Users\ehenr\Documents\atividade_6\vendor\cakephp\cakephp\src\Http\Runner.php:73
- C:\Users\ehenr\Documents\atividade_6\vendor\cakephp\cakephp\src\Http\Runner.php:58
- C:\Users\ehenr\Documents\atividade_6\vendor\cakephp\cakephp\src\Routing\Middleware\RoutingMiddleware.php:166
- C:\Users\ehenr\Documents\atividade_6\vendor\cakephp\cakephp\src\Http\Runner.php:73
- C:\Users\ehenr\Documents\atividade_6\vendor\cakephp\cakephp\src\Routing\Middleware\AssetMiddleware.php:68
- C:\Users\ehenr\Documents\atividade_6\vendor\cakephp\cakephp\src\Http\Runner.php:73
- C:\Users\ehenr\Documents\atividade_6\vendor\cakephp\cakephp\src\Error\Middleware\ErrorHandlerMiddleware.php:119
- C:\Users\ehenr\Documents\atividade_6\vendor\cakephp\cakephp\src\Http\Runner.php:73
- C:\Users\ehenr\Documents\atividade_6\vendor\cakephp\debug_kit\src\Middleware\DebugKitMiddleware.php:60
- C:\Users\ehenr\Documents\atividade_6\vendor\cakephp\cakephp\src\Http\Runner.php:73
- C:\Users\ehenr\Documents\atividade_6\vendor\cakephp\cakephp\src\Http\Runner.php:58
- C:\Users\ehenr\Documents\atividade_6\vendor\cakephp\cakephp\src\Http\Server.php:90
- C:\Users\ehenr\Documents\atividade_6\webroot\index.php:40

Request URL: /users/logout


2020-07-03 13:28:57 Error: [Cake\Http\Exception\MissingControllerException] Controller class ListProdutos could not be found. in C:\Users\ehenr\Documents\atividade_6\vendor\cakephp\cakephp\src\Controller\ControllerFactory.php on line 158
Exception Attributes: array (
  'class' => 'ListProdutos',
  'plugin' => NULL,
  'prefix' => NULL,
  '_ext' => NULL,
)
Stack Trace:
- C:\Users\ehenr\Documents\atividade_6\vendor\cakephp\cakephp\src\Controller\ControllerFactory.php:46
- C:\Users\ehenr\Documents\atividade_6\vendor\cakephp\cakephp\src\Http\BaseApplication.php:227
- C:\Users\ehenr\Documents\atividade_6\vendor\cakephp\cakephp\src\Http\Runner.php:77
- C:\Users\ehenr\Documents\atividade_6\vendor\cakephp\cakephp\src\Http\Middleware\BodyParserMiddleware.php:159
- C:\Users\ehenr\Documents\atividade_6\vendor\cakephp\cakephp\src\Http\Runner.php:73
- C:\Users\ehenr\Documents\atividade_6\vendor\cakephp\authentication\src\Middleware\AuthenticationMiddleware.php:122
- C:\Users\ehenr\Documents\atividade_6\vendor\cakephp\cakephp\src\Http\Runner.php:73
- C:\Users\ehenr\Documents\atividade_6\vendor\cakephp\cakephp\src\Http\Runner.php:77
- C:\Users\ehenr\Documents\atividade_6\vendor\cakephp\cakephp\src\Http\Middleware\CsrfProtectionMiddleware.php:138
- C:\Users\ehenr\Documents\atividade_6\vendor\cakephp\cakephp\src\Http\Runner.php:73
- C:\Users\ehenr\Documents\atividade_6\vendor\cakephp\cakephp\src\Http\Runner.php:58
- C:\Users\ehenr\Documents\atividade_6\vendor\cakephp\cakephp\src\Routing\Middleware\RoutingMiddleware.php:166
- C:\Users\ehenr\Documents\atividade_6\vendor\cakephp\cakephp\src\Http\Runner.php:73
- C:\Users\ehenr\Documents\atividade_6\vendor\cakephp\cakephp\src\Routing\Middleware\AssetMiddleware.php:68
- C:\Users\ehenr\Documents\atividade_6\vendor\cakephp\cakephp\src\Http\Runner.php:73
- C:\Users\ehenr\Documents\atividade_6\vendor\cakephp\cakephp\src\Error\Middleware\ErrorHandlerMiddleware.php:119
- C:\Users\ehenr\Documents\atividade_6\vendor\cakephp\cakephp\src\Http\Runner.php:73
- C:\Users\ehenr\Documents\atividade_6\vendor\cakephp\debug_kit\src\Middleware\DebugKitMiddleware.php:60
- C:\Users\ehenr\Documents\atividade_6\vendor\cakephp\cakephp\src\Http\Runner.php:73
- C:\Users\ehenr\Documents\atividade_6\vendor\cakephp\cakephp\src\Http\Runner.php:58
- C:\Users\ehenr\Documents\atividade_6\vendor\cakephp\cakephp\src\Http\Server.php:90
- C:\Users\ehenr\Documents\atividade_6\webroot\index.php:40

Request URL: /
Referer URL: http://localhost:8765/produtos/edit/3


